[debug] [2023-10-16T08:43:04.787Z] ----------------------------------------------------------------------
[debug] [2023-10-16T08:43:04.788Z] Command:       C:\Program Files\nodejs\node.exe C:\Users\DELL\AppData\Roaming\npm\node_modules\firebase-tools\lib\bin\firebase.js deploy
[debug] [2023-10-16T08:43:04.789Z] CLI Version:   12.5.2
[debug] [2023-10-16T08:43:04.789Z] Platform:      win32
[debug] [2023-10-16T08:43:04.789Z] Node Version:  v18.16.0
[debug] [2023-10-16T08:43:04.789Z] Time:          Mon Oct 16 2023 14:13:04 GMT+0530 (India Standard Time)
[debug] [2023-10-16T08:43:04.789Z] ----------------------------------------------------------------------
[debug] 
[debug] [2023-10-16T08:43:04.793Z] >>> [apiv2][query] GET https://firebase-public.firebaseio.com/cli.json [none]
[debug] [2023-10-16T08:43:04.894Z] > command requires scopes: ["email","openid","https://www.googleapis.com/auth/cloudplatformprojects.readonly","https://www.googleapis.com/auth/firebase","https://www.googleapis.com/auth/cloud-platform"]
[debug] [2023-10-16T08:43:04.894Z] > authorizing via signed-in user (studentcouncil@sfit.ac.in)
[debug] [2023-10-16T08:43:04.894Z] [iam] checking project foodomaticapp for permissions ["firebase.projects.get","firebasehosting.sites.update"]
[debug] [2023-10-16T08:43:04.895Z] > refreshing access token with scopes: []
[debug] [2023-10-16T08:43:04.896Z] >>> [apiv2][query] POST https://www.googleapis.com/oauth2/v3/token [none]
[debug] [2023-10-16T08:43:04.896Z] >>> [apiv2][body] POST https://www.googleapis.com/oauth2/v3/token [omitted]
[debug] [2023-10-16T08:43:05.429Z] <<< [apiv2][status] POST https://www.googleapis.com/oauth2/v3/token 200
[debug] [2023-10-16T08:43:05.430Z] <<< [apiv2][body] POST https://www.googleapis.com/oauth2/v3/token [omitted]
[debug] [2023-10-16T08:43:05.437Z] >>> [apiv2][query] POST https://cloudresourcemanager.googleapis.com/v1/projects/foodomaticapp:testIamPermissions [none]
[debug] [2023-10-16T08:43:05.437Z] >>> [apiv2][(partial)header] POST https://cloudresourcemanager.googleapis.com/v1/projects/foodomaticapp:testIamPermissions x-goog-quota-user=projects/foodomaticapp
[debug] [2023-10-16T08:43:05.438Z] >>> [apiv2][body] POST https://cloudresourcemanager.googleapis.com/v1/projects/foodomaticapp:testIamPermissions {"permissions":["firebase.projects.get","firebasehosting.sites.update"]}
[debug] [2023-10-16T08:43:05.769Z] <<< [apiv2][status] GET https://firebase-public.firebaseio.com/cli.json 200
[debug] [2023-10-16T08:43:05.769Z] <<< [apiv2][body] GET https://firebase-public.firebaseio.com/cli.json {"cloudBuildErrorAfter":1594252800000,"cloudBuildWarnAfter":1590019200000,"defaultNode10After":1594252800000,"minVersion":"3.0.5","node8DeploysDisabledAfter":1613390400000,"node8RuntimeDisabledAfter":1615809600000,"node8WarnAfter":1600128000000}
[debug] [2023-10-16T08:43:07.355Z] <<< [apiv2][status] POST https://cloudresourcemanager.googleapis.com/v1/projects/foodomaticapp:testIamPermissions 200
[debug] [2023-10-16T08:43:07.355Z] <<< [apiv2][body] POST https://cloudresourcemanager.googleapis.com/v1/projects/foodomaticapp:testIamPermissions {}
[debug] [2023-10-16T08:43:07.356Z] [iam] error while checking permissions, command may fail: FirebaseError: Authorization failed. This account is missing the following required permissions on project foodomaticapp:

  firebase.projects.get
  firebasehosting.sites.update
[debug] [2023-10-16T08:43:07.356Z] >>> [apiv2][query] GET https://firebase.googleapis.com/v1beta1/projects/foodomaticapp [none]
[debug] [2023-10-16T08:43:08.403Z] <<< [apiv2][status] GET https://firebase.googleapis.com/v1beta1/projects/foodomaticapp 403
[debug] [2023-10-16T08:43:08.403Z] <<< [apiv2][body] GET https://firebase.googleapis.com/v1beta1/projects/foodomaticapp {"error":{"code":403,"message":"The caller does not have permission","status":"PERMISSION_DENIED"}}
[debug] [2023-10-16T08:43:08.404Z] HTTP Error: 403, The caller does not have permission
[debug] [2023-10-16T08:43:08.829Z] FirebaseError: HTTP Error: 403, The caller does not have permission
    at responseToError (C:\Users\DELL\AppData\Roaming\npm\node_modules\firebase-tools\lib\responseToError.js:49:12)
    at RetryOperation._fn (C:\Users\DELL\AppData\Roaming\npm\node_modules\firebase-tools\lib\apiv2.js:285:77)
    at process.processTicksAndRejections (node:internal/process/task_queues:95:5)
[error] 
[error] Error: Failed to get Firebase project foodomaticapp. Please make sure the project exists and your account has permission to access it.
